<?xml version="1.0" encoding="UTF-8"?>
<testng-results total="1" passed="1" failed="0" skipped="0">
  <reporter-output>
  </reporter-output>
  <suite started-at="2020-07-02T07:08:37Z" name="Default suite" finished-at="2020-07-02T07:09:48Z" duration-ms="70341">
    <groups>
    </groups>
    <test started-at="2020-07-02T07:08:37Z" name="Default test" finished-at="2020-07-02T07:09:48Z" duration-ms="70341">
      <class name="CHECKING.TESTING.DemoChecker1">
        <test-method signature="url()[pri:0, instance:CHECKING.TESTING.DemoChecker1@69453e37]" started-at="2020-07-02T12:38:37Z" name="url" finished-at="2020-07-02T12:39:48Z" duration-ms="70292" status="PASS">
          <reporter-output>
          </reporter-output>
        </test-method> <!-- url -->
      </class> <!-- CHECKING.TESTING.DemoChecker1 -->
    </test> <!-- Default test -->
  </suite> <!-- Default suite -->
</testng-results>
